TN:
SF:src/repositories/balance.ts
FN:64,(anonymous_0)
FN:68,(anonymous_1)
FN:79,(anonymous_2)
FN:93,(anonymous_3)
FN:110,(anonymous_4)
FN:135,(anonymous_5)
FN:150,(anonymous_6)
FN:152,(anonymous_7)
FN:177,(anonymous_8)
FN:181,(anonymous_9)
FN:199,(anonymous_10)
FN:216,(anonymous_11)
FN:233,(anonymous_12)
FN:241,(anonymous_13)
FN:264,(anonymous_14)
FN:274,(anonymous_15)
FN:282,(anonymous_16)
FN:304,(anonymous_17)
FN:310,(anonymous_18)
FN:323,(anonymous_19)
FNF:20
FNH:14
FNDA:10,(anonymous_0)
FNDA:0,(anonymous_1)
FNDA:2,(anonymous_2)
FNDA:1,(anonymous_3)
FNDA:0,(anonymous_4)
FNDA:0,(anonymous_5)
FNDA:0,(anonymous_6)
FNDA:0,(anonymous_7)
FNDA:1,(anonymous_8)
FNDA:1,(anonymous_9)
FNDA:1,(anonymous_10)
FNDA:1,(anonymous_11)
FNDA:1,(anonymous_12)
FNDA:1,(anonymous_13)
FNDA:2,(anonymous_14)
FNDA:2,(anonymous_15)
FNDA:1,(anonymous_16)
FNDA:2,(anonymous_17)
FNDA:1,(anonymous_18)
FNDA:0,(anonymous_19)
DA:62,10
DA:65,10
DA:72,0
DA:73,0
DA:74,0
DA:75,0
DA:76,0
DA:80,2
DA:81,2
DA:82,2
DA:84,2
DA:86,2
DA:87,2
DA:89,0
DA:94,1
DA:95,1
DA:96,1
DA:101,1
DA:103,1
DA:104,1
DA:106,0
DA:111,0
DA:112,0
DA:113,0
DA:114,0
DA:116,0
DA:119,0
DA:126,0
DA:128,0
DA:129,0
DA:130,0
DA:134,0
DA:136,0
DA:149,0
DA:150,0
DA:152,0
DA:156,0
DA:170,0
DA:171,0
DA:173,0
DA:178,1
DA:179,1
DA:181,1
DA:190,1
DA:191,1
DA:193,1
DA:195,0
DA:200,1
DA:201,1
DA:202,1
DA:207,1
DA:209,1
DA:210,1
DA:212,0
DA:217,1
DA:218,1
DA:219,1
DA:224,1
DA:226,1
DA:227,1
DA:229,0
DA:238,1
DA:239,1
DA:241,1
DA:252,1
DA:256,1
DA:258,1
DA:260,0
DA:265,2
DA:266,2
DA:267,2
DA:272,2
DA:274,2
DA:275,2
DA:276,2
DA:278,0
DA:286,1
DA:287,1
DA:288,1
DA:289,1
DA:291,1
DA:298,1
DA:301,1
DA:302,1
DA:304,1
DA:305,2
DA:306,2
DA:307,2
DA:310,1
DA:315,1
DA:316,1
DA:318,0
DA:323,1
DA:324,0
LF:94
LH:61
BRDA:70,0,0,0
BRDA:73,1,0,0
BRDA:73,1,1,0
BRDA:84,2,0,0
BRDA:84,2,1,2
BRDA:86,3,0,2
BRDA:86,3,1,1
BRDA:87,4,0,2
BRDA:87,4,1,0
BRDA:101,5,0,0
BRDA:101,5,1,1
BRDA:103,6,0,1
BRDA:103,6,1,0
BRDA:104,7,0,1
BRDA:104,7,1,0
BRDA:113,8,0,0
BRDA:113,8,1,0
BRDA:126,9,0,0
BRDA:126,9,1,0
BRDA:128,10,0,0
BRDA:128,10,1,0
BRDA:128,11,0,0
BRDA:128,11,1,0
BRDA:149,12,0,0
BRDA:149,12,1,0
BRDA:152,13,0,0
BRDA:152,13,1,0
BRDA:163,14,0,0
BRDA:163,14,1,0
BRDA:191,15,0,0
BRDA:191,15,1,1
BRDA:207,16,0,0
BRDA:207,16,1,1
BRDA:209,17,0,1
BRDA:209,17,1,0
BRDA:210,18,0,1
BRDA:210,18,1,0
BRDA:224,19,0,0
BRDA:224,19,1,1
BRDA:226,20,0,1
BRDA:226,20,1,0
BRDA:227,21,0,1
BRDA:227,21,1,0
BRDA:256,22,0,0
BRDA:256,22,1,1
BRDA:272,23,0,0
BRDA:272,23,1,2
BRDA:274,24,0,2
BRDA:274,24,1,0
BRDA:274,25,0,2
BRDA:274,25,1,0
BRDA:298,26,0,0
BRDA:298,26,1,1
BRF:53
BRH:19
end_of_record
TN:
SF:src/repositories/target.ts
FN:20,(anonymous_0)
FN:24,(anonymous_1)
FN:37,(anonymous_2)
FN:48,(anonymous_3)
FN:66,(anonymous_4)
FN:77,(anonymous_5)
FN:93,(anonymous_6)
FN:104,(anonymous_7)
FN:118,(anonymous_8)
FN:140,(anonymous_9)
FN:155,(anonymous_10)
FN:176,(anonymous_11)
FN:191,(anonymous_12)
FN:206,(anonymous_13)
FN:221,(anonymous_14)
FN:237,(anonymous_15)
FN:254,(anonymous_16)
FN:269,(anonymous_17)
FN:291,(anonymous_18)
FN:341,(anonymous_19)
FN:344,(anonymous_20)
FN:345,(anonymous_21)
FN:347,(anonymous_22)
FN:361,(anonymous_23)
FNF:24
FNH:12
FNDA:6,(anonymous_0)
FNDA:2,(anonymous_1)
FNDA:2,(anonymous_2)
FNDA:0,(anonymous_3)
FNDA:0,(anonymous_4)
FNDA:0,(anonymous_5)
FNDA:0,(anonymous_6)
FNDA:2,(anonymous_7)
FNDA:0,(anonymous_8)
FNDA:1,(anonymous_9)
FNDA:1,(anonymous_10)
FNDA:0,(anonymous_11)
FNDA:1,(anonymous_12)
FNDA:0,(anonymous_13)
FNDA:0,(anonymous_14)
FNDA:0,(anonymous_15)
FNDA:0,(anonymous_16)
FNDA:0,(anonymous_17)
FNDA:1,(anonymous_18)
FNDA:1,(anonymous_19)
FNDA:1,(anonymous_20)
FNDA:1,(anonymous_21)
FNDA:1,(anonymous_22)
FNDA:0,(anonymous_23)
DA:21,6
DA:28,2
DA:29,2
DA:30,2
DA:31,2
DA:32,2
DA:33,2
DA:38,2
DA:39,2
DA:41,2
DA:42,1
DA:44,1
DA:49,0
DA:50,0
DA:56,0
DA:57,0
DA:58,0
DA:60,0
DA:62,0
DA:67,0
DA:68,0
DA:70,0
DA:71,0
DA:73,0
DA:78,0
DA:79,0
DA:86,0
DA:87,0
DA:89,0
DA:94,0
DA:95,0
DA:97,0
DA:99,0
DA:105,2
DA:106,2
DA:111,2
DA:112,2
DA:114,0
DA:122,0
DA:123,0
DA:130,0
DA:131,0
DA:132,0
DA:134,0
DA:136,0
DA:141,1
DA:142,1
DA:148,1
DA:149,1
DA:151,0
DA:160,1
DA:161,1
DA:169,1
DA:170,1
DA:172,0
DA:177,0
DA:178,0
DA:184,0
DA:186,0
DA:192,1
DA:193,1
DA:199,1
DA:200,1
DA:202,0
DA:207,0
DA:208,0
DA:214,0
DA:215,0
DA:217,0
DA:222,0
DA:223,0
DA:229,0
DA:230,0
DA:232,0
DA:238,0
DA:239,0
DA:247,0
DA:248,0
DA:250,0
DA:255,0
DA:256,0
DA:262,0
DA:263,0
DA:265,0
DA:274,0
DA:275,0
DA:283,0
DA:284,0
DA:286,0
DA:292,1
DA:294,1
DA:302,1
DA:305,1
DA:313,1
DA:316,1
DA:319,1
DA:322,1
DA:323,1
DA:325,1
DA:332,1
DA:334,1
DA:342,1
DA:344,1
DA:345,1
DA:347,1
DA:355,0
DA:361,1
DA:362,0
LF:108
LH:45
BRDA:26,0,0,2
BRDA:29,1,0,2
BRDA:29,1,1,0
BRDA:31,2,0,2
BRDA:31,2,1,2
BRDA:41,3,0,1
BRDA:41,3,1,1
BRDA:42,4,0,1
BRDA:42,4,1,0
BRDA:56,5,0,0
BRDA:56,5,1,0
BRDA:57,6,0,0
BRDA:57,6,1,0
BRDA:70,7,0,0
BRDA:70,7,1,0
BRDA:86,8,0,0
BRDA:86,8,1,0
BRDA:97,9,0,0
BRDA:97,9,1,0
BRDA:111,10,0,0
BRDA:111,10,1,2
BRDA:112,11,0,2
BRDA:112,11,1,0
BRDA:130,12,0,0
BRDA:130,12,1,0
BRDA:131,13,0,0
BRDA:131,13,1,0
BRDA:148,14,0,0
BRDA:148,14,1,1
BRDA:169,15,0,0
BRDA:169,15,1,1
BRDA:184,16,0,0
BRDA:184,16,1,0
BRDA:199,17,0,0
BRDA:199,17,1,1
BRDA:200,18,0,1
BRDA:200,18,1,0
BRDA:214,19,0,0
BRDA:214,19,1,0
BRDA:215,20,0,0
BRDA:215,20,1,0
BRDA:229,21,0,0
BRDA:229,21,1,0
BRDA:247,22,0,0
BRDA:247,22,1,0
BRDA:248,23,0,0
BRDA:248,23,1,0
BRDA:262,24,0,0
BRDA:262,24,1,0
BRDA:283,25,0,0
BRDA:283,25,1,0
BRDA:302,26,0,0
BRDA:302,26,1,1
BRDA:302,27,0,1
BRDA:302,27,1,0
BRDA:313,28,0,0
BRDA:313,28,1,1
BRDA:313,29,0,1
BRDA:313,29,1,1
BRDA:332,30,0,0
BRDA:332,30,1,1
BRDA:335,31,0,1
BRDA:335,31,1,0
BRDA:336,32,0,1
BRDA:336,32,1,0
BRDA:337,33,0,1
BRDA:337,33,1,1
BRDA:338,34,0,1
BRDA:338,34,1,1
BRDA:345,35,0,1
BRDA:345,35,1,0
BRF:71
BRH:26
end_of_record
TN:
SF:src/repositories/types.ts
FNF:0
FNH:0
LF:0
LH:0
BRF:0
BRH:0
end_of_record
TN:
SF:src/services/trueLayer/types.ts
FN:86,(anonymous_0)
FNF:1
FNH:1
FNDA:10,(anonymous_0)
DA:92,10
DA:93,10
LF:2
LH:2
BRF:0
BRH:0
end_of_record
